[11:26:28 PM] Wednesday, November 16, 2022******************[Running FreemodeHandler]******************

[11:26:28 PM] Wednesday, November 16, 2022 NumberOfClients: 11

[11:26:28 PM] Wednesday, November 16, 2022 Checking... ID: 0

[11:26:29 PM] Wednesday, November 16, 2022  :(  not found for ID: 0

[11:26:29 PM] Wednesday, November 16, 2022 Checking... ID: 1

[11:26:30 PM] Wednesday, November 16, 2022  :(  not found for ID: 1

[11:26:30 PM] Wednesday, November 16, 2022 Checking... ID: 2

[11:26:30 PM] Wednesday, November 16, 2022  :(  not found for ID: 2

[11:26:30 PM] Wednesday, November 16, 2022 Checking... ID: 3

[11:26:30 PM] Wednesday, November 16, 2022  :(  not found for ID: 3

[11:26:30 PM] Wednesday, November 16, 2022 Checking... ID: 4

[11:26:30 PM] Wednesday, November 16, 2022  :(  not found for ID: 4

[11:26:30 PM] Wednesday, November 16, 2022 Checking... ID: 5

[11:26:30 PM] Wednesday, November 16, 2022  :(  not found for ID: 5

[11:26:30 PM] Wednesday, November 16, 2022 Checking... ID: 6

[11:26:30 PM] Wednesday, November 16, 2022  :(  not found for ID: 6

[11:26:30 PM] Wednesday, November 16, 2022 Checking... ID: 7

[11:26:31 PM] Wednesday, November 16, 2022  :(  not found for ID: 7

[11:26:31 PM] Wednesday, November 16, 2022 Checking... ID: 8

[11:26:31 PM] Wednesday, November 16, 2022 Adding Seconds: 86400 to Client... 

[11:26:36 PM] Wednesday, November 16, 2022 Checking... ID: 9

[11:26:36 PM] Wednesday, November 16, 2022  :(  not found for ID: 9

[11:26:36 PM] Wednesday, November 16, 2022 Checking... ID: 10

[11:26:37 PM] Wednesday, November 16, 2022 Adding Seconds: 86400 to Client... 

