[08:35:01 AM] <*> User -> mysql host: root.silent.hosted.nfoservers.com
<*> User -> mysql UserName: silentwebhost
<*> User -> mysql password: SILent@3
<*> User -> mysql Database: silentwebhost_xbnetwork
<*> User -> NumberOfHashes: 5

[08:35:01 AM] <!>  -> KvHashHandler[ConfigInfo]

[08:35:01 AM] <*> User -> Writing hash: 1C18A6C1
<*> User -> Folder Count: 0
<*> User -> Sending hash to mysql: 1C18A6C1

[08:35:01 AM] <!>  -> KvHashHandler[HashInfo]

[08:35:02 AM] <*> User -> Writing hash: 6252E033
<*> User -> Folder Count: 1
<*> User -> Sending hash to mysql: 6252E033

[08:35:02 AM] <!>  -> KvHashHandler[HashInfo]

[08:35:02 AM] <*> User -> Writing hash: D8207021
<*> User -> Folder Count: 2
<*> User -> Sending hash to mysql: D8207021

[08:35:02 AM] <!>  -> KvHashHandler[HashInfo]

[08:35:02 AM] <*> User -> Writing hash: 1C18A6C1
<*> User -> Folder Count: 3
<*> User -> Sending hash to mysql: 1C18A6C1

[08:35:02 AM] <!>  -> KvHashHandler[HashInfo]

[10:43:16 AM] <*> User -> mysql host: root.silent.hosted.nfoservers.com
<*> User -> mysql UserName: silentwebhost
<*> User -> mysql password: SILent@3
<*> User -> mysql Database: silentwebhost_xbnetwork
<*> User -> NumberOfHashes: 5

[10:43:16 AM] <!>  -> KvHashHandler[ConfigInfo]

[10:43:16 AM] <*> User -> Writing hash: 1C18A6C1
<*> User -> Folder Count: 0
<*> User -> Sending hash to mysql: 1C18A6C1

[10:43:16 AM] <!>  -> KvHashHandler[HashInfo]

[10:43:18 AM] <*> User -> Writing hash: 6252E033
<*> User -> Folder Count: 1
<*> User -> Sending hash to mysql: 6252E033

[10:43:18 AM] <!>  -> KvHashHandler[HashInfo]

[10:43:18 AM] <*> User -> Writing hash: D8207021
<*> User -> Folder Count: 2
<*> User -> Sending hash to mysql: D8207021

[10:43:18 AM] <!>  -> KvHashHandler[HashInfo]

[10:43:18 AM] <*> User -> Writing hash: 1C18A6C1
<*> User -> Folder Count: 3
<*> User -> Sending hash to mysql: 1C18A6C1

[10:43:18 AM] <!>  -> KvHashHandler[HashInfo]

[10:54:58 AM] <*> User -> mysql host: root.silent.hosted.nfoservers.com
<*> User -> mysql UserName: silentwebhost
<*> User -> mysql password: SILent@3
<*> User -> mysql Database: silentwebhost_xbnetwork
<*> User -> NumberOfHashes: 5

[10:54:58 AM] <!>  -> KvHashHandler[ConfigInfo]

[10:54:58 AM] <*> User -> Writing hash: 1C18A6C1
<*> User -> Folder Count: 0
<*> User -> Sending hash to mysql: 1C18A6C1

[10:54:58 AM] <!>  -> KvHashHandler[HashInfo]

[10:55:00 AM] <*> User -> Writing hash: 6252E033
<*> User -> Folder Count: 1
<*> User -> Sending hash to mysql: 6252E033

[10:55:00 AM] <!>  -> KvHashHandler[HashInfo]

[10:55:00 AM] <*> User -> Writing hash: D8207021
<*> User -> Folder Count: 2
<*> User -> Sending hash to mysql: D8207021

[10:55:00 AM] <!>  -> KvHashHandler[HashInfo]

[10:55:00 AM] <*> User -> Writing hash: 1C18A6C1
<*> User -> Folder Count: 3
<*> User -> Sending hash to mysql: 1C18A6C1

[10:55:00 AM] <!>  -> KvHashHandler[HashInfo]

[10:56:33 AM] <*> User -> mysql host: root.silent.hosted.nfoservers.com
<*> User -> mysql UserName: silentwebhost
<*> User -> mysql password: SILent@3
<*> User -> mysql Database: silentwebhost_xbnetwork
<*> User -> NumberOfHashes: 5

[10:56:33 AM] <!>  -> KvHashHandler[ConfigInfo]

[10:56:33 AM] <*> User -> Writing hash: 1C18A6C1
<*> User -> Folder Count: 0
<*> User -> Sending hash to mysql: 1C18A6C1

[10:56:33 AM] <!>  -> KvHashHandler[HashInfo]

[10:56:34 AM] <*> User -> Writing hash: 6252E033
<*> User -> Folder Count: 1
<*> User -> Sending hash to mysql: 6252E033

[10:56:34 AM] <!>  -> KvHashHandler[HashInfo]

[10:56:35 AM] <*> User -> Writing hash: D8207021
<*> User -> Folder Count: 2
<*> User -> Sending hash to mysql: D8207021

[10:56:35 AM] <!>  -> KvHashHandler[HashInfo]

[10:56:35 AM] <*> User -> Writing hash: 1C18A6C1
<*> User -> Folder Count: 3
<*> User -> Sending hash to mysql: 1C18A6C1

[10:56:35 AM] <!>  -> KvHashHandler[HashInfo]

[12:37:38 AM] <*> User -> mysql host: root.silent.hosted.nfoservers.com
<*> User -> mysql UserName: silentwebhost
<*> User -> mysql password: SILent@3
<*> User -> mysql Database: silentwebhost_xbnetwork
<*> User -> NumberOfHashes: 5

[12:37:38 AM] <!>  -> KvHashHandler[ConfigInfo]

[12:37:38 AM] <*> User -> Writing hash: 1C18A6C1
<*> User -> Folder Count: 0
<*> User -> Sending hash to mysql: 1C18A6C1

[12:37:38 AM] <!>  -> KvHashHandler[HashInfo]

[12:37:40 AM] <*> User -> Writing hash: 6252E033
<*> User -> Folder Count: 1
<*> User -> Sending hash to mysql: 6252E033

[12:37:40 AM] <!>  -> KvHashHandler[HashInfo]

[12:37:40 AM] <*> User -> Writing hash: D8207021
<*> User -> Folder Count: 2
<*> User -> Sending hash to mysql: D8207021

[12:37:40 AM] <!>  -> KvHashHandler[HashInfo]

[12:37:40 AM] <*> User -> Writing hash: 1C18A6C1
<*> User -> Folder Count: 3
<*> User -> Sending hash to mysql: 1C18A6C1

[12:37:40 AM] <!>  -> KvHashHandler[HashInfo]

